<?xml version="1.0" encoding="UTF-8"?>
<!-- Generated by org.testng.reporters.JUnitReportReporter -->
<testsuite hostname="Anushas-MacBook-Pro.local" failures="0" tests="3" name="Anushacompany.tests.submitorderTest" time="23.618" errors="0" timestamp="2024-07-02T12:43:16 AEST" skipped="0">
  <testcase classname="Anushacompany.tests.submitorderTest" name="OrderCheckingTest" time="5.623"/>
  <testcase classname="Anushacompany.tests.submitorderTest" name="submitorder" time="7.872"/>
  <testcase classname="Anushacompany.tests.submitorderTest" name="submitorder" time="10.123"/>
</testsuite> <!-- Anushacompany.tests.submitorderTest -->
