<?xml version="1.0" encoding="UTF-8"?>
<!-- Generated by org.testng.reporters.JUnitReportReporter -->
<testsuite hostname="Anushas-MacBook-Pro.local" failures="0" tests="1" name="Cucumber.TestngTestRunner" time="10.123" errors="0" timestamp="2024-07-03T16:17:45 AEST" skipped="0">
  <testcase classname="Cucumber.TestngTestRunner" name="runScenario" time="10.123"/>
</testsuite> <!-- Cucumber.TestngTestRunner -->
