<?xml version="1.0" encoding="UTF-8"?>
<!-- Generated by org.testng.reporters.JUnitReportReporter -->
<testsuite hostname="Anushas-MacBook-Pro.local" failures="0" tests="3" name="Anushacompany.tests.submitorderTest" time="27.547" errors="0" timestamp="2024-07-03T16:30:03 AEST" skipped="0">
  <testcase classname="Anushacompany.tests.submitorderTest" name="submitorder" time="10.700"/>
  <testcase classname="Anushacompany.tests.submitorderTest" name="submitorder" time="10.106"/>
  <testcase classname="Anushacompany.tests.submitorderTest" name="OrderCheckingTest" time="6.741"/>
</testsuite> <!-- Anushacompany.tests.submitorderTest -->
