<?xml version="1.0" encoding="UTF-8"?>
<!-- Generated by org.testng.reporters.JUnitReportReporter -->
<testsuite hostname="Anushas-MacBook-Pro.local" failures="0" tests="2" name="Anushacompany.tests.ErrorsubmitorderTest" time="27.479" errors="0" timestamp="2024-07-03T16:30:03 AEST" skipped="0">
  <testcase classname="Anushacompany.tests.ErrorsubmitorderTest" name="LoginErrorValidations" time="9.098"/>
  <testcase classname="Anushacompany.tests.ErrorsubmitorderTest" name="productErrorValidation" time="18.381"/>
</testsuite> <!-- Anushacompany.tests.ErrorsubmitorderTest -->
